INFO:     Will watch for changes in these directories: ['C:\\Users\\sacre\\Documents\\Work\\recruiment_test\\satek\\backend']
INFO:     Uvicorn running on http://127.0.0.1:8000 (Press CTRL+C to quit)
INFO:     Started reloader process [22452] using WatchFiles
INFO:     Started server process [8664]
INFO:     Waiting for application startup.
2025-12-04 15:39:24,119 INFO sqlalchemy.engine.Engine select pg_catalog.version()
select pg_catalog.version()
2025-12-04 15:39:24,119 INFO sqlalchemy.engine.Engine [raw sql] {}
[raw sql] {}
2025-12-04 15:39:24,120 INFO sqlalchemy.engine.Engine select current_schema()
select current_schema()
2025-12-04 15:39:24,120 INFO sqlalchemy.engine.Engine [raw sql] {}
[raw sql] {}
2025-12-04 15:39:24,120 INFO sqlalchemy.engine.Engine show standard_conforming_strings
show standard_conforming_strings
2025-12-04 15:39:24,120 INFO sqlalchemy.engine.Engine [raw sql] {}
[raw sql] {}
2025-12-04 15:39:24,121 INFO sqlalchemy.engine.Engine BEGIN (implicit)
BEGIN (implicit)
2025-12-04 15:39:24,124 INFO sqlalchemy.engine.Engine SELECT pg_catalog.pg_class.relname 
FROM pg_catalog.pg_class JOIN pg_catalog.pg_namespace ON pg_catalog.pg_namespace.oid = pg_catalog.pg_class.relnamespace 
WHERE pg_catalog.pg_class.relname = %(table_name)s AND pg_catalog.pg_class.relkind = ANY (ARRAY[%(param_1)s, %(param_2)s, %(param_3)s, %(param_4)s, %(param_5)s]) AND pg_catalog.pg_table_is_visible(pg_catalog.pg_class.oid) AND pg_catalog.pg_namespace.nspname != %(nspname_1)s
SELECT pg_catalog.pg_class.relname 
FROM pg_catalog.pg_class JOIN pg_catalog.pg_namespace ON pg_catalog.pg_namespace.oid = pg_catalog.pg_class.relnamespace 
WHERE pg_catalog.pg_class.relname = %(table_name)s AND pg_catalog.pg_class.relkind = ANY (ARRAY[%(param_1)s, %(param_2)s, %(param_3)s, %(param_4)s, %(param_5)s]) AND pg_catalog.pg_table_is_visible(pg_catalog.pg_class.oid) AND pg_catalog.pg_namespace.nspname != %(nspname_1)s
2025-12-04 15:39:24,124 INFO sqlalchemy.engine.Engine [generated in 0.00015s] {'table_name': 'users', 'param_1': 'r', 'param_2': 'p', 'param_3': 'f', 'param_4': 'v', 'param_5': 'm', 'nspname_1': 'pg_catalog'}
[generated in 0.00015s] {'table_name': 'users', 'param_1': 'r', 'param_2': 'p', 'param_3': 'f', 'param_4': 'v', 'param_5': 'm', 'nspname_1': 'pg_catalog'}
2025-12-04 15:39:24,126 INFO sqlalchemy.engine.Engine SELECT pg_catalog.pg_class.relname 
FROM pg_catalog.pg_class JOIN pg_catalog.pg_namespace ON pg_catalog.pg_namespace.oid = pg_catalog.pg_class.relnamespace 
WHERE pg_catalog.pg_class.relname = %(table_name)s AND pg_catalog.pg_class.relkind = ANY (ARRAY[%(param_1)s, %(param_2)s, %(param_3)s, %(param_4)s, %(param_5)s]) AND pg_catalog.pg_table_is_visible(pg_catalog.pg_class.oid) AND pg_catalog.pg_namespace.nspname != %(nspname_1)s
SELECT pg_catalog.pg_class.relname 
FROM pg_catalog.pg_class JOIN pg_catalog.pg_namespace ON pg_catalog.pg_namespace.oid = pg_catalog.pg_class.relnamespace 
WHERE pg_catalog.pg_class.relname = %(table_name)s AND pg_catalog.pg_class.relkind = ANY (ARRAY[%(param_1)s, %(param_2)s, %(param_3)s, %(param_4)s, %(param_5)s]) AND pg_catalog.pg_table_is_visible(pg_catalog.pg_class.oid) AND pg_catalog.pg_namespace.nspname != %(nspname_1)s
2025-12-04 15:39:24,126 INFO sqlalchemy.engine.Engine [cached since 0.002129s ago] {'table_name': 'warehouses', 'param_1': 'r', 'param_2': 'p', 'param_3': 'f', 'param_4': 'v', 'param_5': 'm', 'nspname_1': 'pg_catalog'}
[cached since 0.002129s ago] {'table_name': 'warehouses', 'param_1': 'r', 'param_2': 'p', 'param_3': 'f', 'param_4': 'v', 'param_5': 'm', 'nspname_1': 'pg_catalog'}
2025-12-04 15:39:24,126 INFO sqlalchemy.engine.Engine SELECT pg_catalog.pg_class.relname 
FROM pg_catalog.pg_class JOIN pg_catalog.pg_namespace ON pg_catalog.pg_namespace.oid = pg_catalog.pg_class.relnamespace 
WHERE pg_catalog.pg_class.relname = %(table_name)s AND pg_catalog.pg_class.relkind = ANY (ARRAY[%(param_1)s, %(param_2)s, %(param_3)s, %(param_4)s, %(param_5)s]) AND pg_catalog.pg_table_is_visible(pg_catalog.pg_class.oid) AND pg_catalog.pg_namespace.nspname != %(nspname_1)s
SELECT pg_catalog.pg_class.relname 
FROM pg_catalog.pg_class JOIN pg_catalog.pg_namespace ON pg_catalog.pg_namespace.oid = pg_catalog.pg_class.relnamespace 
WHERE pg_catalog.pg_class.relname = %(table_name)s AND pg_catalog.pg_class.relkind = ANY (ARRAY[%(param_1)s, %(param_2)s, %(param_3)s, %(param_4)s, %(param_5)s]) AND pg_catalog.pg_table_is_visible(pg_catalog.pg_class.oid) AND pg_catalog.pg_namespace.nspname != %(nspname_1)s
2025-12-04 15:39:24,126 INFO sqlalchemy.engine.Engine [cached since 0.002613s ago] {'table_name': 'inventory_items', 'param_1': 'r', 'param_2': 'p', 'param_3': 'f', 'param_4': 'v', 'param_5': 'm', 'nspname_1': 'pg_catalog'}
[cached since 0.002613s ago] {'table_name': 'inventory_items', 'param_1': 'r', 'param_2': 'p', 'param_3': 'f', 'param_4': 'v', 'param_5': 'm', 'nspname_1': 'pg_catalog'}
2025-12-04 15:39:24,127 INFO sqlalchemy.engine.Engine SELECT pg_catalog.pg_type.typname 
FROM pg_catalog.pg_type JOIN pg_catalog.pg_namespace ON pg_catalog.pg_namespace.oid = pg_catalog.pg_type.typnamespace 
WHERE pg_catalog.pg_type.typname = %(typname_1)s AND pg_catalog.pg_type_is_visible(pg_catalog.pg_type.oid) AND pg_catalog.pg_namespace.nspname != %(nspname_1)s
SELECT pg_catalog.pg_type.typname 
FROM pg_catalog.pg_type JOIN pg_catalog.pg_namespace ON pg_catalog.pg_namespace.oid = pg_catalog.pg_type.typnamespace 
WHERE pg_catalog.pg_type.typname = %(typname_1)s AND pg_catalog.pg_type_is_visible(pg_catalog.pg_type.oid) AND pg_catalog.pg_namespace.nspname != %(nspname_1)s
2025-12-04 15:39:24,127 INFO sqlalchemy.engine.Engine [generated in 0.00011s] {'typname_1': 'userrole', 'nspname_1': 'pg_catalog'}
[generated in 0.00011s] {'typname_1': 'userrole', 'nspname_1': 'pg_catalog'}
2025-12-04 15:39:24,128 INFO sqlalchemy.engine.Engine COMMIT
COMMIT
Starting database seeding...
2025-12-04 15:39:24,151 INFO sqlalchemy.engine.Engine BEGIN (implicit)
BEGIN (implicit)
2025-12-04 15:39:24,152 INFO sqlalchemy.engine.Engine SELECT users.id AS users_id, users.email AS users_email, users.name AS users_name, users.hashed_password AS users_hashed_password, users.role AS users_role, users.is_active AS users_is_active, users.created_at AS users_created_at, users.updated_at AS users_updated_at 
FROM users 
WHERE users.email = %(email_1)s AND users.role = %(role_1)s 
 LIMIT %(param_1)s
SELECT users.id AS users_id, users.email AS users_email, users.name AS users_name, users.hashed_password AS users_hashed_password, users.role AS users_role, users.is_active AS users_is_active, users.created_at AS users_created_at, users.updated_at AS users_updated_at 
FROM users 
WHERE users.email = %(email_1)s AND users.role = %(role_1)s 
 LIMIT %(param_1)s
2025-12-04 15:39:24,153 INFO sqlalchemy.engine.Engine [generated in 0.00018s] {'email_1': 'admin@satek.com', 'role_1': 'SUPER_ADMIN', 'param_1': 1}
[generated in 0.00018s] {'email_1': 'admin@satek.com', 'role_1': 'SUPER_ADMIN', 'param_1': 1}
Super admin user already exists: admin@satek.com
Database seeding completed.
2025-12-04 15:39:24,155 INFO sqlalchemy.engine.Engine ROLLBACK
ROLLBACK
INFO:     Application startup complete.
[96m================================================================================
➡️  INCOMING REQUEST: [1mPOST[0m[96m /api/v1/auth/login
    Client IP: 127.0.0.1
================================================================================[0m
2025-12-04 15:39:46,764 INFO sqlalchemy.engine.Engine BEGIN (implicit)
BEGIN (implicit)
2025-12-04 15:39:46,765 INFO sqlalchemy.engine.Engine SELECT users.id AS users_id, users.email AS users_email, users.name AS users_name, users.hashed_password AS users_hashed_password, users.role AS users_role, users.is_active AS users_is_active, users.created_at AS users_created_at, users.updated_at AS users_updated_at 
FROM users 
WHERE users.email = %(email_1)s 
 LIMIT %(param_1)s
SELECT users.id AS users_id, users.email AS users_email, users.name AS users_name, users.hashed_password AS users_hashed_password, users.role AS users_role, users.is_active AS users_is_active, users.created_at AS users_created_at, users.updated_at AS users_updated_at 
FROM users 
WHERE users.email = %(email_1)s 
 LIMIT %(param_1)s
2025-12-04 15:39:46,765 INFO sqlalchemy.engine.Engine [generated in 0.00019s] {'email_1': 'werhos1@gmail.com', 'param_1': 1}
[generated in 0.00019s] {'email_1': 'werhos1@gmail.com', 'param_1': 1}
[92m[1m================================================================================
✅ SUCCESS: POST /api/v1/auth/login
[0m[92m   Status Code: [1m200[0m[92m
   Response Time: [1m0.250s[0m[92m
   Client: 127.0.0.1
[1m================================================================================[0m
INFO:     127.0.0.1:46881 - "POST /api/v1/auth/login HTTP/1.1" 200 OK
2025-12-04 15:39:47,007 INFO sqlalchemy.engine.Engine ROLLBACK
ROLLBACK
[96m================================================================================
➡️  INCOMING REQUEST: [1mPOST[0m[96m /api/v1/auth/login
    Client IP: 127.0.0.1
================================================================================[0m
2025-12-04 15:40:29,324 INFO sqlalchemy.engine.Engine BEGIN (implicit)
BEGIN (implicit)
2025-12-04 15:40:29,324 INFO sqlalchemy.engine.Engine SELECT users.id AS users_id, users.email AS users_email, users.name AS users_name, users.hashed_password AS users_hashed_password, users.role AS users_role, users.is_active AS users_is_active, users.created_at AS users_created_at, users.updated_at AS users_updated_at 
FROM users 
WHERE users.email = %(email_1)s 
 LIMIT %(param_1)s
SELECT users.id AS users_id, users.email AS users_email, users.name AS users_name, users.hashed_password AS users_hashed_password, users.role AS users_role, users.is_active AS users_is_active, users.created_at AS users_created_at, users.updated_at AS users_updated_at 
FROM users 
WHERE users.email = %(email_1)s 
 LIMIT %(param_1)s
2025-12-04 15:40:29,324 INFO sqlalchemy.engine.Engine [cached since 42.56s ago] {'email_1': 'werhos1@gmail.com', 'param_1': 1}
[cached since 42.56s ago] {'email_1': 'werhos1@gmail.com', 'param_1': 1}
[92m[1m================================================================================
✅ SUCCESS: POST /api/v1/auth/login
[0m[92m   Status Code: [1m200[0m[92m
   Response Time: [1m0.250s[0m[92m
   Client: 127.0.0.1
[1m================================================================================[0m
INFO:     127.0.0.1:34334 - "POST /api/v1/auth/login HTTP/1.1" 200 OK
2025-12-04 15:40:29,571 INFO sqlalchemy.engine.Engine ROLLBACK
ROLLBACK
[96m================================================================================
➡️  INCOMING REQUEST: [1mPOST[0m[96m /api/v1/auth/login
    Client IP: 127.0.0.1
================================================================================[0m
2025-12-04 15:40:31,095 INFO sqlalchemy.engine.Engine BEGIN (implicit)
BEGIN (implicit)
2025-12-04 15:40:31,095 INFO sqlalchemy.engine.Engine SELECT users.id AS users_id, users.email AS users_email, users.name AS users_name, users.hashed_password AS users_hashed_password, users.role AS users_role, users.is_active AS users_is_active, users.created_at AS users_created_at, users.updated_at AS users_updated_at 
FROM users 
WHERE users.email = %(email_1)s 
 LIMIT %(param_1)s
SELECT users.id AS users_id, users.email AS users_email, users.name AS users_name, users.hashed_password AS users_hashed_password, users.role AS users_role, users.is_active AS users_is_active, users.created_at AS users_created_at, users.updated_at AS users_updated_at 
FROM users 
WHERE users.email = %(email_1)s 
 LIMIT %(param_1)s
2025-12-04 15:40:31,095 INFO sqlalchemy.engine.Engine [cached since 44.33s ago] {'email_1': 'werhos1@gmail.com', 'param_1': 1}
[cached since 44.33s ago] {'email_1': 'werhos1@gmail.com', 'param_1': 1}
[92m[1m================================================================================
✅ SUCCESS: POST /api/v1/auth/login
[0m[92m   Status Code: [1m200[0m[92m
   Response Time: [1m0.236s[0m[92m
   Client: 127.0.0.1
[1m================================================================================[0m
INFO:     127.0.0.1:34334 - "POST /api/v1/auth/login HTTP/1.1" 200 OK
2025-12-04 15:40:31,329 INFO sqlalchemy.engine.Engine ROLLBACK
ROLLBACK
